2023-07-25T19:12:00+00:00 CRITICAL Uncaught TypeError: call_user_func_array(): Argument #1 ($function) must be a valid callback, function "jquery" not found or invalid function name in C:\MAMP\htdocs\taskov.net\wp-includes\class-wp-hook.php:308
Stack trace:
#0 C:\MAMP\htdocs\taskov.net\wp-includes\class-wp-hook.php(332): WP_Hook->apply_filters(NULL, Array)
#1 C:\MAMP\htdocs\taskov.net\wp-includes\plugin.php(517): WP_Hook->do_action(Array)
#2 C:\MAMP\htdocs\taskov.net\wp-includes\script-loader.php(2194): do_action('wp_enqueue_scri...')
#3 C:\MAMP\htdocs\taskov.net\wp-includes\class-wp-hook.php(308): wp_enqueue_scripts('')
#4 C:\MAMP\htdocs\taskov.net\wp-includes\class-wp-hook.php(332): WP_Hook->apply_filters(NULL, Array)
#5 C:\MAMP\htdocs\taskov.net\wp-includes\plugin.php(517): WP_Hook->do_action(Array)
#6 C:\MAMP\htdocs\taskov.net\wp-includes\general-template.php(3049): do_action('wp_head')
#7 C:\MAMP\htdocs\taskov.net\wp-content\themes\taskov\header.php(19): wp_head()
#8 C:\MAMP\htdocs\taskov.net\wp-includes\template.php(783): require_once('C:\\MAMP\\htdocs\\...')
#9 C:\MAMP\htdocs\taskov.net\wp-includes\template.php(718): load_template('C:\\MAMP\\htdocs\\...', true, Array)
#10 C:\MAMP\htdocs\taskov.net\wp-includes\general-template.php(48): locate_template(Array, true, true, Array)
#11 C:\MAMP\htdocs\taskov.net\wp-content\plugins\elementor\modules\page-templates\templates\header-footer.php(9): get_header()
#12 C:\MAMP\htdocs\taskov.net\wp-includes\template-loader.php(106): include('C:\\MAMP\\htdocs\\...')
#13 C:\MAMP\htdocs\taskov.net\wp-blog-header.php(19): require_once('C:\\MAMP\\htdocs\\...')
#14 C:\MAMP\htdocs\taskov.net\index.php(17): require('C:\\MAMP\\htdocs\\...')
#15 {main}
  thrown in C:\MAMP\htdocs\taskov.net\wp-includes\class-wp-hook.php on line 308

2023-07-25T19:14:13+00:00 CRITICAL Uncaught TypeError: call_user_func_array(): Argument #1 ($function) must be a valid callback, function "jquery" not found or invalid function name in C:\MAMP\htdocs\taskov.net\wp-includes\class-wp-hook.php:308
Stack trace:
#0 C:\MAMP\htdocs\taskov.net\wp-includes\class-wp-hook.php(332): WP_Hook->apply_filters(NULL, Array)
#1 C:\MAMP\htdocs\taskov.net\wp-includes\plugin.php(517): WP_Hook->do_action(Array)
#2 C:\MAMP\htdocs\taskov.net\wp-includes\script-loader.php(2194): do_action('wp_enqueue_scri...')
#3 C:\MAMP\htdocs\taskov.net\wp-includes\class-wp-hook.php(308): wp_enqueue_scripts('')
#4 C:\MAMP\htdocs\taskov.net\wp-includes\class-wp-hook.php(332): WP_Hook->apply_filters(NULL, Array)
#5 C:\MAMP\htdocs\taskov.net\wp-includes\plugin.php(517): WP_Hook->do_action(Array)
#6 C:\MAMP\htdocs\taskov.net\wp-includes\general-template.php(3049): do_action('wp_head')
#7 C:\MAMP\htdocs\taskov.net\wp-content\themes\taskov\header.php(19): wp_head()
#8 C:\MAMP\htdocs\taskov.net\wp-includes\template.php(783): require_once('C:\\MAMP\\htdocs\\...')
#9 C:\MAMP\htdocs\taskov.net\wp-includes\template.php(718): load_template('C:\\MAMP\\htdocs\\...', true, Array)
#10 C:\MAMP\htdocs\taskov.net\wp-includes\general-template.php(48): locate_template(Array, true, true, Array)
#11 C:\MAMP\htdocs\taskov.net\wp-content\plugins\elementor\modules\page-templates\templates\header-footer.php(9): get_header()
#12 C:\MAMP\htdocs\taskov.net\wp-includes\template-loader.php(106): include('C:\\MAMP\\htdocs\\...')
#13 C:\MAMP\htdocs\taskov.net\wp-blog-header.php(19): require_once('C:\\MAMP\\htdocs\\...')
#14 C:\MAMP\htdocs\taskov.net\index.php(17): require('C:\\MAMP\\htdocs\\...')
#15 {main}
  thrown in C:\MAMP\htdocs\taskov.net\wp-includes\class-wp-hook.php on line 308

